<?xml version="1.0" encoding="UTF-8"?>
<testng-results skipped="0" failed="0" ignored="0" total="2" passed="2">
  <reporter-output>
  </reporter-output>
  <suite name="Default suite" duration-ms="18919" started-at="2022-04-02T14:42:42 IST" finished-at="2022-04-02T14:43:01 IST">
    <groups>
    </groups>
    <test name="Default test" duration-ms="18919" started-at="2022-04-02T14:42:42 IST" finished-at="2022-04-02T14:43:01 IST">
      <class name="com.nse.test.LoginUITest">
        <test-method status="PASS" signature="setup()[pri:0, instance:com.nse.test.LoginUITest@a74868d]" name="setup" is-config="true" duration-ms="9977" started-at="2022-04-02T14:42:42 IST" finished-at="2022-04-02T14:42:52 IST">
          <reporter-output>
          </reporter-output>
        </test-method> <!-- setup -->
        <test-method status="PASS" signature="UIcomponentTest()[pri:0, instance:com.nse.test.LoginUITest@a74868d]" name="UIcomponentTest" duration-ms="814" started-at="2022-04-02T14:42:52 IST" finished-at="2022-04-02T14:42:53 IST">
          <reporter-output>
          </reporter-output>
        </test-method> <!-- UIcomponentTest -->
        <test-method status="PASS" signature="teardown()[pri:0, instance:com.nse.test.LoginUITest@a74868d]" name="teardown" is-config="true" duration-ms="846" started-at="2022-04-02T14:42:53 IST" finished-at="2022-04-02T14:42:54 IST">
          <reporter-output>
          </reporter-output>
        </test-method> <!-- teardown -->
        <test-method status="PASS" signature="setup()[pri:0, instance:com.nse.test.LoginUITest@a74868d]" name="setup" is-config="true" duration-ms="6144" started-at="2022-04-02T14:42:54 IST" finished-at="2022-04-02T14:43:00 IST">
          <reporter-output>
          </reporter-output>
        </test-method> <!-- setup -->
        <test-method status="PASS" signature="validateTitleTest()[pri:0, instance:com.nse.test.LoginUITest@a74868d]" name="validateTitleTest" duration-ms="55" started-at="2022-04-02T14:43:00 IST" finished-at="2022-04-02T14:43:00 IST">
          <reporter-output>
          </reporter-output>
        </test-method> <!-- validateTitleTest -->
        <test-method status="PASS" signature="teardown()[pri:0, instance:com.nse.test.LoginUITest@a74868d]" name="teardown" is-config="true" duration-ms="993" started-at="2022-04-02T14:43:00 IST" finished-at="2022-04-02T14:43:01 IST">
          <reporter-output>
          </reporter-output>
        </test-method> <!-- teardown -->
      </class> <!-- com.nse.test.LoginUITest -->
    </test> <!-- Default test -->
  </suite> <!-- Default suite -->
</testng-results>
